<?xml version="1.0" encoding="UTF-8"?>
<!-- Generated by org.testng.reporters.JUnitXMLReporter -->
<testsuite ignored="0" hostname="ozels-mbp.lan" failures="0" tests="3" name="Default test" time="51.59" errors="0" timestamp="2020-06-02T00:32:21 EDT">
  <testcase classname="com.hrms.testcases.CreateReportTest" name="addReport" time="13.535"/>
  <testcase classname="com.hrms.testcases.CreateReportTest" name="addReport" time="13.964"/>
  <testcase classname="com.hrms.testcases.CreateReportTest" name="addReport" time="13.892"/>
</testsuite> <!-- Default test -->
