<?xml version="1.0" encoding="UTF-8"?>
<!-- Generated by org.testng.reporters.JUnitXMLReporter -->
<testsuite ignored="0" hostname="ozels-mbp.lan" failures="0" tests="3" name="Regression Test" time="56.066" errors="0" timestamp="2020-06-02T01:00:43 EDT">
  <testcase classname="com.hrms.testcases.CreateReportTest" name="addReport" time="13.784"/>
  <testcase classname="com.hrms.testcases.CreateReportTest" name="addReport" time="13.604"/>
  <testcase classname="com.hrms.testcases.CreateReportTest" name="addReport" time="14.081"/>
</testsuite> <!-- Regression Test -->
