<?xml version="1.0" encoding="UTF-8"?>
<!-- Generated by org.testng.reporters.JUnitXMLReporter -->
<testsuite ignored="4" hostname="ozels-mbp.lan" failures="4" tests="9" name="Command line test" time="80.471" errors="0" timestamp="2020-06-02T20:21:10 EDT">
  <testcase classname="com.hrms.testcases.LoginTest" name="emptyUsernameLogin" time="0.351"/>
  <testcase classname="com.hrms.testcases.LoginTest" name="invalidPasswordLogin" time="2.934"/>
  <testcase classname="com.hrms.testcases.LoginTest" name="timeStamp" time="0.003"/>
  <testcase classname="com.hrms.testcases.LoginTest" name="validAdminLogin" time="0.0">
    <failure type="java.lang.NullPointerException">
      <![CDATA[java.lang.NullPointerException
at com.hrms.testcases.LoginTest.validAdminLogin(LoginTest.java:15)
at java.base/java.util.ArrayList.forEach(ArrayList.java:1378)
... Removed 37 stack frames]]>
    </failure>
  </testcase> <!-- validAdminLogin -->
  <testcase classname="com.hrms.testcases.CreateReportTest" name="addReport" time="0.0">
    <failure type="java.lang.NullPointerException">
      <![CDATA[java.lang.NullPointerException
at com.hrms.testcases.CreateReportTest.addReport(CreateReportTest.java:18)
at java.base/java.util.ArrayList.forEach(ArrayList.java:1378)
... Removed 37 stack frames]]>
    </failure>
  </testcase> <!-- addReport -->
  <testcase classname="com.hrms.testcases.CreateReportTest" name="addReport" time="0.0">
    <failure type="java.lang.NullPointerException">
      <![CDATA[java.lang.NullPointerException
at com.hrms.testcases.CreateReportTest.addReport(CreateReportTest.java:18)
at java.base/java.util.ArrayList.forEach(ArrayList.java:1378)
... Removed 37 stack frames]]>
    </failure>
  </testcase> <!-- addReport -->
  <testcase classname="com.hrms.testcases.CreateReportTest" name="addReport" time="0.0">
    <failure type="java.lang.NullPointerException">
      <![CDATA[java.lang.NullPointerException
at com.hrms.testcases.CreateReportTest.addReport(CreateReportTest.java:18)
at java.base/java.util.ArrayList.forEach(ArrayList.java:1378)
... Removed 37 stack frames]]>
    </failure>
  </testcase> <!-- addReport -->
  <testcase classname="com.hrms.testcases.AddEmployeeTest" name="addEmployee" time="0.0">
    <skipped/>
  </testcase> <!-- addEmployee -->
  <testcase classname="com.hrms.testcases.AddEmployeeTest" name="requiredFields" time="20.291"/>
  <testcase classname="com.hrms.testbase.BaseClass" name="@BeforeTest generateReport" time="0.0">
    <ignored/>
  </testcase> <!-- @BeforeTest generateReport -->
  <testcase classname="com.hrms.testbase.BaseClass" name="@BeforeTest generateReport" time="0.0">
    <ignored/>
  </testcase> <!-- @BeforeTest generateReport -->
  <testcase classname="com.hrms.testbase.BaseClass" name="@AfterTest writeReport" time="0.0">
    <ignored/>
  </testcase> <!-- @AfterTest writeReport -->
  <testcase classname="com.hrms.testbase.BaseClass" name="@AfterTest writeReport" time="0.0">
    <ignored/>
  </testcase> <!-- @AfterTest writeReport -->
</testsuite> <!-- Command line test -->
