<?xml version="1.0" encoding="UTF-8"?>
<!-- Generated by org.testng.reporters.JUnitXMLReporter -->
<testsuite ignored="4" hostname="ozels-mbp.lan" failures="0" tests="1" name="Smoke Test" time="6.12" errors="0" timestamp="2020-05-30T14:50:42 EDT">
  <testcase classname="com.hrms.testcases.LoginTest" name="validAdminLogin" time="2.407"/>
  <testcase classname="com.hrms.testcases.AddEmployeeTest" name="addEmployee" time="0.0">
    <ignored/>
  </testcase> <!-- addEmployee -->
  <testcase classname="com.hrms.testcases.LoginTest" name="invalidPasswordLogin" time="0.0">
    <ignored/>
  </testcase> <!-- invalidPasswordLogin -->
  <testcase classname="com.hrms.testcases.AddEmployeeTest" name="requiredFields" time="0.0">
    <ignored/>
  </testcase> <!-- requiredFields -->
  <testcase classname="com.hrms.testcases.LoginTest" name="emptyUsernameLogin" time="0.0">
    <ignored/>
  </testcase> <!-- emptyUsernameLogin -->
</testsuite> <!-- Smoke Test -->
