<?xml version="1.0" encoding="UTF-8"?>
<!-- Generated by org.testng.reporters.JUnitXMLReporter -->
<testsuite ignored="0" hostname="ozels-mbp.lan" failures="0" tests="2" name="Regression Test" time="10.71" errors="0" timestamp="2020-06-02T00:49:51 EDT">
  <testcase classname="com.hrms.testcases.AddEmployeeTest" name="addEmployee" time="0.0">
    <skipped/>
  </testcase> <!-- addEmployee -->
  <testcase classname="com.hrms.testcases.AddEmployeeTest" name="requiredFields" time="4.762"/>
</testsuite> <!-- Regression Test -->
