<?xml version="1.0" encoding="UTF-8"?>
<testng-results ignored="4" total="5" passed="1" failed="0" skipped="0">
  <reporter-output>
  </reporter-output>
  <suite started-at="2020-05-30T14:50:36 EDT" name="Smoke Suite" finished-at="2020-05-30T14:50:42 EDT" duration-ms="6120">
    <groups>
      <group name="smoke">
        <method signature="LoginTest.validAdminLogin()[pri:0, instance:com.hrms.testcases.LoginTest@2e55dd0c]" name="validAdminLogin" class="com.hrms.testcases.LoginTest"/>
      </group> <!-- smoke -->
    </groups>
    <test started-at="2020-05-30T14:50:36 EDT" name="Smoke Test" finished-at="2020-05-30T14:50:42 EDT" duration-ms="6120">
      <class name="com.hrms.testcases.LoginTest">
        <test-method is-config="true" signature="setUp()[pri:0, instance:com.hrms.testcases.LoginTest@2e55dd0c]" started-at="2020-05-30T14:50:36 EDT" name="setUp" finished-at="2020-05-30T14:50:40 EDT" duration-ms="3565" status="PASS">
          <reporter-output>
          </reporter-output>
        </test-method> <!-- setUp -->
        <test-method signature="validAdminLogin()[pri:0, instance:com.hrms.testcases.LoginTest@2e55dd0c]" started-at="2020-05-30T14:50:40 EDT" name="validAdminLogin" finished-at="2020-05-30T14:50:42 EDT" duration-ms="2407" status="PASS">
          <reporter-output>
          </reporter-output>
        </test-method> <!-- validAdminLogin -->
        <test-method is-config="true" signature="tearDown()[pri:0, instance:com.hrms.testcases.LoginTest@2e55dd0c]" started-at="2020-05-30T14:50:42 EDT" name="tearDown" finished-at="2020-05-30T14:50:42 EDT" duration-ms="108" status="PASS">
          <reporter-output>
          </reporter-output>
        </test-method> <!-- tearDown -->
      </class> <!-- com.hrms.testcases.LoginTest -->
    </test> <!-- Smoke Test -->
  </suite> <!-- Smoke Suite -->
</testng-results>
