<?xml version="1.0" encoding="UTF-8"?>
<testng-results ignored="0" total="3" passed="3" failed="0" skipped="0">
  <reporter-output>
  </reporter-output>
  <suite started-at="2020-06-02T00:59:47 EDT" name="Suite" finished-at="2020-06-02T01:00:43 EDT" duration-ms="56066">
    <groups>
      <group name="regression">
        <method signature="CreateReportTest.addReport(java.lang.String, java.lang.String, java.lang.String, java.lang.String, java.lang.String)[pri:0, instance:com.hrms.testcases.CreateReportTest@4944252c]" name="addReport" class="com.hrms.testcases.CreateReportTest"/>
      </group> <!-- regression -->
    </groups>
    <test started-at="2020-06-02T00:59:47 EDT" name="Regression Test" finished-at="2020-06-02T01:00:43 EDT" duration-ms="56066">
      <class name="com.hrms.testcases.CreateReportTest">
        <test-method is-config="true" signature="generateReport()[pri:0, instance:com.hrms.testcases.CreateReportTest@4944252c]" started-at="2020-06-02T00:59:47 EDT" name="generateReport" finished-at="2020-06-02T00:59:47 EDT" duration-ms="199" status="PASS">
          <reporter-output>
          </reporter-output>
        </test-method> <!-- generateReport -->
        <test-method is-config="true" signature="setUp()[pri:0, instance:com.hrms.testcases.CreateReportTest@4944252c]" started-at="2020-06-02T00:59:48 EDT" name="setUp" finished-at="2020-06-02T00:59:53 EDT" duration-ms="4411" status="PASS">
          <reporter-output>
          </reporter-output>
        </test-method> <!-- setUp -->
        <test-method signature="addReport(java.lang.String, java.lang.String, java.lang.String, java.lang.String, java.lang.String)[pri:0, instance:com.hrms.testcases.CreateReportTest@4944252c]" started-at="2020-06-02T00:59:53 EDT" name="addReport" data-provider="getDataExcel" finished-at="2020-06-02T01:00:06 EDT" duration-ms="13784" status="PASS">
          <params>
            <param index="0">
              <value>
                <![CDATA[Employee Contact]]>
              </value>
            </param>
            <param index="1">
              <value>
                <![CDATA[Employee Name]]>
              </value>
            </param>
            <param index="2">
              <value>
                <![CDATA[Current Employees Only]]>
              </value>
            </param>
            <param index="3">
              <value>
                <![CDATA[Emergency Contacts ]]>
              </value>
            </param>
            <param index="4">
              <value>
                <![CDATA[Date of Birth]]>
              </value>
            </param>
          </params>
          <reporter-output>
          </reporter-output>
        </test-method> <!-- addReport -->
        <test-method is-config="true" signature="tearDown()[pri:0, instance:com.hrms.testcases.CreateReportTest@4944252c]" started-at="2020-06-02T01:00:07 EDT" name="tearDown" finished-at="2020-06-02T01:00:07 EDT" duration-ms="280" status="PASS">
          <reporter-output>
          </reporter-output>
        </test-method> <!-- tearDown -->
        <test-method is-config="true" signature="setUp()[pri:0, instance:com.hrms.testcases.CreateReportTest@4944252c]" started-at="2020-06-02T01:00:07 EDT" name="setUp" finished-at="2020-06-02T01:00:10 EDT" duration-ms="3297" status="PASS">
          <reporter-output>
          </reporter-output>
        </test-method> <!-- setUp -->
        <test-method signature="addReport(java.lang.String, java.lang.String, java.lang.String, java.lang.String, java.lang.String)[pri:0, instance:com.hrms.testcases.CreateReportTest@4944252c]" started-at="2020-06-02T01:00:10 EDT" name="addReport" data-provider="getDataExcel" finished-at="2020-06-02T01:00:24 EDT" duration-ms="13604" status="PASS">
          <params>
            <param index="0">
              <value>
                <![CDATA[Language Rport]]>
              </value>
            </param>
            <param index="1">
              <value>
                <![CDATA[Language]]>
              </value>
            </param>
            <param index="2">
              <value>
                <![CDATA[Current Employees Only]]>
              </value>
            </param>
            <param index="3">
              <value>
                <![CDATA[License]]>
              </value>
            </param>
            <param index="4">
              <value>
                <![CDATA[Nationality]]>
              </value>
            </param>
          </params>
          <reporter-output>
          </reporter-output>
        </test-method> <!-- addReport -->
        <test-method is-config="true" signature="tearDown()[pri:0, instance:com.hrms.testcases.CreateReportTest@4944252c]" started-at="2020-06-02T01:00:25 EDT" name="tearDown" finished-at="2020-06-02T01:00:25 EDT" duration-ms="139" status="PASS">
          <reporter-output>
          </reporter-output>
        </test-method> <!-- tearDown -->
        <test-method is-config="true" signature="setUp()[pri:0, instance:com.hrms.testcases.CreateReportTest@4944252c]" started-at="2020-06-02T01:00:25 EDT" name="setUp" finished-at="2020-06-02T01:00:28 EDT" duration-ms="3351" status="PASS">
          <reporter-output>
          </reporter-output>
        </test-method> <!-- setUp -->
        <test-method signature="addReport(java.lang.String, java.lang.String, java.lang.String, java.lang.String, java.lang.String)[pri:0, instance:com.hrms.testcases.CreateReportTest@4944252c]" started-at="2020-06-02T01:00:28 EDT" name="addReport" data-provider="getDataExcel" finished-at="2020-06-02T01:00:42 EDT" duration-ms="14081" status="PASS">
          <params>
            <param index="0">
              <value>
                <![CDATA[Age Group Report]]>
              </value>
            </param>
            <param index="1">
              <value>
                <![CDATA[Age Group]]>
              </value>
            </param>
            <param index="2">
              <value>
                <![CDATA[Current Employees Only]]>
              </value>
            </param>
            <param index="3">
              <value>
                <![CDATA[Work Experience]]>
              </value>
            </param>
            <param index="4">
              <value>
                <![CDATA[License Expiry Date]]>
              </value>
            </param>
          </params>
          <reporter-output>
          </reporter-output>
        </test-method> <!-- addReport -->
        <test-method is-config="true" signature="tearDown()[pri:0, instance:com.hrms.testcases.CreateReportTest@4944252c]" started-at="2020-06-02T01:00:43 EDT" name="tearDown" finished-at="2020-06-02T01:00:43 EDT" duration-ms="193" status="PASS">
          <reporter-output>
          </reporter-output>
        </test-method> <!-- tearDown -->
        <test-method is-config="true" signature="writeReport()[pri:0, instance:com.hrms.testcases.CreateReportTest@4944252c]" started-at="2020-06-02T01:00:43 EDT" name="writeReport" finished-at="2020-06-02T01:00:43 EDT" duration-ms="533" status="PASS">
          <reporter-output>
          </reporter-output>
        </test-method> <!-- writeReport -->
      </class> <!-- com.hrms.testcases.CreateReportTest -->
    </test> <!-- Regression Test -->
  </suite> <!-- Suite -->
</testng-results>
